2023-10-06T11:43:10.884Z [Modules] Modules initializing
2023-10-06T11:43:10.884Z [Modules] Distribution: remote
2023-10-06T11:43:10.884Z [Modules] Host updates: enabled
2023-10-06T11:43:10.884Z [Modules] Module updates: enabled
2023-10-06T11:43:10.885Z [Modules] Module install path: /home/kairo/.config/discord/0.0.31/modules
2023-10-06T11:43:10.885Z [Modules] Module installed file path: /home/kairo/.config/discord/0.0.31/modules/installed.json
2023-10-06T11:43:10.885Z [Modules] Module download path: /home/kairo/.config/discord/0.0.31/modules/pending
2023-10-06T11:43:11.011Z [Modules] Bootstrapping...
2023-10-06T11:43:11.012Z [Modules] Installing discord_desktop_core@0 from /opt/discord/resources/bootstrap/discord_desktop_core.zip
2023-10-06T11:43:11.014Z [Modules] Failed installing discord_desktop_core@0: Error: ENOENT: no such file or directory, open '/opt/discord/resources/bootstrap/discord_desktop_core.zip'
2023-10-06T11:43:11.014Z [Modules] Installing discord_erlpack@0 from /opt/discord/resources/bootstrap/discord_erlpack.zip
2023-10-06T11:43:11.015Z [Modules] Failed installing discord_erlpack@0: Error: ENOENT: no such file or directory, open '/opt/discord/resources/bootstrap/discord_erlpack.zip'
2023-10-06T11:43:11.016Z [Modules] Installing discord_spellcheck@0 from /opt/discord/resources/bootstrap/discord_spellcheck.zip
2023-10-06T11:43:11.016Z [Modules] Failed installing discord_spellcheck@0: Error: ENOENT: no such file or directory, open '/opt/discord/resources/bootstrap/discord_spellcheck.zip'
2023-10-06T11:43:11.017Z [Modules] Installing discord_utils@0 from /opt/discord/resources/bootstrap/discord_utils.zip
2023-10-06T11:43:11.017Z [Modules] Failed installing discord_utils@0: Error: ENOENT: no such file or directory, open '/opt/discord/resources/bootstrap/discord_utils.zip'
2023-10-06T11:43:11.018Z [Modules] Installing discord_voice@0 from /opt/discord/resources/bootstrap/discord_voice.zip
2023-10-06T11:43:11.018Z [Modules] Failed installing discord_voice@0: Error: ENOENT: no such file or directory, open '/opt/discord/resources/bootstrap/discord_voice.zip'
2023-10-06T11:43:11.019Z [Modules] Finished module installations. [success: 0] [failure: 5]
2023-10-06T11:43:11.019Z [Modules] Checking for host updates.
2023-10-06T11:43:11.116Z [Modules] Host is up to date.
2023-10-06T11:43:11.116Z [Modules] Checking for module updates at https://discord.com/api/modules/stable/versions.json
2023-10-06T11:43:11.142Z [Modules] Module update available: discord_desktop_core@1 [installed: 0]
2023-10-06T11:43:11.142Z [Modules] Module update available: discord_erlpack@1 [installed: 0]
2023-10-06T11:43:11.142Z [Modules] Module update available: discord_spellcheck@1 [installed: 0]
2023-10-06T11:43:11.142Z [Modules] Module update available: discord_utils@1 [installed: 0]
2023-10-06T11:43:11.142Z [Modules] Module update available: discord_voice@1 [installed: 0]
2023-10-06T11:43:11.142Z [Modules] Fetching discord_desktop_core@1 from https://discord.com/api/modules/stable/discord_desktop_core/1
2023-10-06T11:43:11.142Z [Modules] Streaming discord_desktop_core@1 to /home/kairo/.config/discord/0.0.31/modules/pending/discord_desktop_core-1.zip
2023-10-06T11:43:11.245Z [Modules] Streaming discord_desktop_core@1 to /home/kairo/.config/discord/0.0.31/modules/pending/discord_desktop_core-1.zip: 3%
2023-10-06T11:43:11.247Z [Modules] Streaming discord_desktop_core@1 to /home/kairo/.config/discord/0.0.31/modules/pending/discord_desktop_core-1.zip: 6%
2023-10-06T11:43:11.248Z [Modules] Streaming discord_desktop_core@1 to /home/kairo/.config/discord/0.0.31/modules/pending/discord_desktop_core-1.zip: 7%
2023-10-06T11:43:11.249Z [Modules] Streaming discord_desktop_core@1 to /home/kairo/.config/discord/0.0.31/modules/pending/discord_desktop_core-1.zip: 12%
2023-10-06T11:43:11.250Z [Modules] Streaming discord_desktop_core@1 to /home/kairo/.config/discord/0.0.31/modules/pending/discord_desktop_core-1.zip: 15%
2023-10-06T11:43:11.250Z [Modules] Streaming discord_desktop_core@1 to /home/kairo/.config/discord/0.0.31/modules/pending/discord_desktop_core-1.zip: 21%
2023-10-06T11:43:11.251Z [Modules] Streaming discord_desktop_core@1 to /home/kairo/.config/discord/0.0.31/modules/pending/discord_desktop_core-1.zip: 24%
2023-10-06T11:43:11.252Z [Modules] Streaming discord_desktop_core@1 to /home/kairo/.config/discord/0.0.31/modules/pending/discord_desktop_core-1.zip: 31%
2023-10-06T11:43:11.253Z [Modules] Streaming discord_desktop_core@1 to /home/kairo/.config/discord/0.0.31/modules/pending/discord_desktop_core-1.zip: 36%
2023-10-06T11:43:11.254Z [Modules] Streaming discord_desktop_core@1 to /home/kairo/.config/discord/0.0.31/modules/pending/discord_desktop_core-1.zip: 39%
2023-10-06T11:43:11.255Z [Modules] Streaming discord_desktop_core@1 to /home/kairo/.config/discord/0.0.31/modules/pending/discord_desktop_core-1.zip: 45%
2023-10-06T11:43:11.256Z [Modules] Streaming discord_desktop_core@1 to /home/kairo/.config/discord/0.0.31/modules/pending/discord_desktop_core-1.zip: 49%
2023-10-06T11:43:11.256Z [Modules] Streaming discord_desktop_core@1 to /home/kairo/.config/discord/0.0.31/modules/pending/discord_desktop_core-1.zip: 52%
2023-10-06T11:43:11.257Z [Modules] Streaming discord_desktop_core@1 to /home/kairo/.config/discord/0.0.31/modules/pending/discord_desktop_core-1.zip: 54%
2023-10-06T11:43:11.258Z [Modules] Streaming discord_desktop_core@1 to /home/kairo/.config/discord/0.0.31/modules/pending/discord_desktop_core-1.zip: 57%
2023-10-06T11:43:11.258Z [Modules] Streaming discord_desktop_core@1 to /home/kairo/.config/discord/0.0.31/modules/pending/discord_desktop_core-1.zip: 61%
2023-10-06T11:43:11.259Z [Modules] Streaming discord_desktop_core@1 to /home/kairo/.config/discord/0.0.31/modules/pending/discord_desktop_core-1.zip: 66%
2023-10-06T11:43:11.260Z [Modules] Streaming discord_desktop_core@1 to /home/kairo/.config/discord/0.0.31/modules/pending/discord_desktop_core-1.zip: 69%
2023-10-06T11:43:11.260Z [Modules] Streaming discord_desktop_core@1 to /home/kairo/.config/discord/0.0.31/modules/pending/discord_desktop_core-1.zip: 72%
2023-10-06T11:43:11.261Z [Modules] Streaming discord_desktop_core@1 to /home/kairo/.config/discord/0.0.31/modules/pending/discord_desktop_core-1.zip: 76%
2023-10-06T11:43:11.262Z [Modules] Streaming discord_desktop_core@1 to /home/kairo/.config/discord/0.0.31/modules/pending/discord_desktop_core-1.zip: 79%
2023-10-06T11:43:11.262Z [Modules] Streaming discord_desktop_core@1 to /home/kairo/.config/discord/0.0.31/modules/pending/discord_desktop_core-1.zip: 82%
2023-10-06T11:43:11.263Z [Modules] Streaming discord_desktop_core@1 to /home/kairo/.config/discord/0.0.31/modules/pending/discord_desktop_core-1.zip: 85%
2023-10-06T11:43:11.264Z [Modules] Streaming discord_desktop_core@1 to /home/kairo/.config/discord/0.0.31/modules/pending/discord_desktop_core-1.zip: 90%
2023-10-06T11:43:11.264Z [Modules] Streaming discord_desktop_core@1 to /home/kairo/.config/discord/0.0.31/modules/pending/discord_desktop_core-1.zip: 96%
2023-10-06T11:43:11.265Z [Modules] Streaming discord_desktop_core@1 to /home/kairo/.config/discord/0.0.31/modules/pending/discord_desktop_core-1.zip: 100%
2023-10-06T11:43:11.267Z [Modules] Fetching discord_erlpack@1 from https://discord.com/api/modules/stable/discord_erlpack/1
2023-10-06T11:43:11.267Z [Modules] Streaming discord_erlpack@1 to /home/kairo/.config/discord/0.0.31/modules/pending/discord_erlpack-1.zip
2023-10-06T11:43:11.349Z [Modules] Streaming discord_erlpack@1 to /home/kairo/.config/discord/0.0.31/modules/pending/discord_erlpack-1.zip: 3%
2023-10-06T11:43:11.350Z [Modules] Streaming discord_erlpack@1 to /home/kairo/.config/discord/0.0.31/modules/pending/discord_erlpack-1.zip: 7%
2023-10-06T11:43:11.352Z [Modules] Streaming discord_erlpack@1 to /home/kairo/.config/discord/0.0.31/modules/pending/discord_erlpack-1.zip: 17%
2023-10-06T11:43:11.352Z [Modules] Streaming discord_erlpack@1 to /home/kairo/.config/discord/0.0.31/modules/pending/discord_erlpack-1.zip: 24%
2023-10-06T11:43:11.353Z [Modules] Streaming discord_erlpack@1 to /home/kairo/.config/discord/0.0.31/modules/pending/discord_erlpack-1.zip: 28%
2023-10-06T11:43:11.353Z [Modules] Streaming discord_erlpack@1 to /home/kairo/.config/discord/0.0.31/modules/pending/discord_erlpack-1.zip: 31%
2023-10-06T11:43:11.354Z [Modules] Streaming discord_erlpack@1 to /home/kairo/.config/discord/0.0.31/modules/pending/discord_erlpack-1.zip: 33%
2023-10-06T11:43:11.355Z [Modules] Streaming discord_erlpack@1 to /home/kairo/.config/discord/0.0.31/modules/pending/discord_erlpack-1.zip: 36%
2023-10-06T11:43:11.355Z [Modules] Streaming discord_erlpack@1 to /home/kairo/.config/discord/0.0.31/modules/pending/discord_erlpack-1.zip: 41%
2023-10-06T11:43:11.356Z [Modules] Streaming discord_erlpack@1 to /home/kairo/.config/discord/0.0.31/modules/pending/discord_erlpack-1.zip: 45%
2023-10-06T11:43:11.357Z [Modules] Streaming discord_erlpack@1 to /home/kairo/.config/discord/0.0.31/modules/pending/discord_erlpack-1.zip: 50%
2023-10-06T11:43:11.357Z [Modules] Streaming discord_erlpack@1 to /home/kairo/.config/discord/0.0.31/modules/pending/discord_erlpack-1.zip: 53%
2023-10-06T11:43:11.358Z [Modules] Streaming discord_erlpack@1 to /home/kairo/.config/discord/0.0.31/modules/pending/discord_erlpack-1.zip: 59%
2023-10-06T11:43:11.359Z [Modules] Streaming discord_erlpack@1 to /home/kairo/.config/discord/0.0.31/modules/pending/discord_erlpack-1.zip: 62%
2023-10-06T11:43:11.359Z [Modules] Streaming discord_erlpack@1 to /home/kairo/.config/discord/0.0.31/modules/pending/discord_erlpack-1.zip: 65%
2023-10-06T11:43:11.360Z [Modules] Streaming discord_erlpack@1 to /home/kairo/.config/discord/0.0.31/modules/pending/discord_erlpack-1.zip: 69%
2023-10-06T11:43:11.361Z [Modules] Streaming discord_erlpack@1 to /home/kairo/.config/discord/0.0.31/modules/pending/discord_erlpack-1.zip: 72%
2023-10-06T11:43:11.362Z [Modules] Streaming discord_erlpack@1 to /home/kairo/.config/discord/0.0.31/modules/pending/discord_erlpack-1.zip: 79%
2023-10-06T11:43:11.362Z [Modules] Streaming discord_erlpack@1 to /home/kairo/.config/discord/0.0.31/modules/pending/discord_erlpack-1.zip: 82%
2023-10-06T11:43:11.363Z [Modules] Streaming discord_erlpack@1 to /home/kairo/.config/discord/0.0.31/modules/pending/discord_erlpack-1.zip: 88%
2023-10-06T11:43:11.364Z [Modules] Streaming discord_erlpack@1 to /home/kairo/.config/discord/0.0.31/modules/pending/discord_erlpack-1.zip: 91%
2023-10-06T11:43:11.364Z [Modules] Streaming discord_erlpack@1 to /home/kairo/.config/discord/0.0.31/modules/pending/discord_erlpack-1.zip: 94%
2023-10-06T11:43:11.365Z [Modules] Streaming discord_erlpack@1 to /home/kairo/.config/discord/0.0.31/modules/pending/discord_erlpack-1.zip: 100%
2023-10-06T11:43:11.366Z [Modules] Fetching discord_spellcheck@1 from https://discord.com/api/modules/stable/discord_spellcheck/1
2023-10-06T11:43:11.366Z [Modules] Streaming discord_spellcheck@1 to /home/kairo/.config/discord/0.0.31/modules/pending/discord_spellcheck-1.zip
2023-10-06T11:43:11.444Z [Modules] Streaming discord_spellcheck@1 to /home/kairo/.config/discord/0.0.31/modules/pending/discord_spellcheck-1.zip: 1%
2023-10-06T11:43:11.445Z [Modules] Streaming discord_spellcheck@1 to /home/kairo/.config/discord/0.0.31/modules/pending/discord_spellcheck-1.zip: 2%
2023-10-06T11:43:11.446Z [Modules] Streaming discord_spellcheck@1 to /home/kairo/.config/discord/0.0.31/modules/pending/discord_spellcheck-1.zip: 3%
2023-10-06T11:43:11.447Z [Modules] Streaming discord_spellcheck@1 to /home/kairo/.config/discord/0.0.31/modules/pending/discord_spellcheck-1.zip: 4%
2023-10-06T11:43:11.448Z [Modules] Streaming discord_spellcheck@1 to /home/kairo/.config/discord/0.0.31/modules/pending/discord_spellcheck-1.zip: 5%
2023-10-06T11:43:11.449Z [Modules] Streaming discord_spellcheck@1 to /home/kairo/.config/discord/0.0.31/modules/pending/discord_spellcheck-1.zip: 6%
2023-10-06T11:43:11.450Z [Modules] Streaming discord_spellcheck@1 to /home/kairo/.config/discord/0.0.31/modules/pending/discord_spellcheck-1.zip: 7%
2023-10-06T11:43:11.451Z [Modules] Streaming discord_spellcheck@1 to /home/kairo/.config/discord/0.0.31/modules/pending/discord_spellcheck-1.zip: 8%
2023-10-06T11:43:11.451Z [Modules] Streaming discord_spellcheck@1 to /home/kairo/.config/discord/0.0.31/modules/pending/discord_spellcheck-1.zip: 9%
2023-10-06T11:43:11.452Z [Modules] Streaming discord_spellcheck@1 to /home/kairo/.config/discord/0.0.31/modules/pending/discord_spellcheck-1.zip: 10%
2023-10-06T11:43:11.453Z [Modules] Streaming discord_spellcheck@1 to /home/kairo/.config/discord/0.0.31/modules/pending/discord_spellcheck-1.zip: 11%
2023-10-06T11:43:11.454Z [Modules] Streaming discord_spellcheck@1 to /home/kairo/.config/discord/0.0.31/modules/pending/discord_spellcheck-1.zip: 12%
2023-10-06T11:43:11.455Z [Modules] Streaming discord_spellcheck@1 to /home/kairo/.config/discord/0.0.31/modules/pending/discord_spellcheck-1.zip: 13%
2023-10-06T11:43:11.456Z [Modules] Streaming discord_spellcheck@1 to /home/kairo/.config/discord/0.0.31/modules/pending/discord_spellcheck-1.zip: 14%
2023-10-06T11:43:11.456Z [Modules] Streaming discord_spellcheck@1 to /home/kairo/.config/discord/0.0.31/modules/pending/discord_spellcheck-1.zip: 15%
2023-10-06T11:43:11.457Z [Modules] Streaming discord_spellcheck@1 to /home/kairo/.config/discord/0.0.31/modules/pending/discord_spellcheck-1.zip: 16%
2023-10-06T11:43:11.458Z [Modules] Streaming discord_spellcheck@1 to /home/kairo/.config/discord/0.0.31/modules/pending/discord_spellcheck-1.zip: 17%
2023-10-06T11:43:11.459Z [Modules] Streaming discord_spellcheck@1 to /home/kairo/.config/discord/0.0.31/modules/pending/discord_spellcheck-1.zip: 18%
2023-10-06T11:43:11.460Z [Modules] Streaming discord_spellcheck@1 to /home/kairo/.config/discord/0.0.31/modules/pending/discord_spellcheck-1.zip: 19%
2023-10-06T11:43:11.461Z [Modules] Streaming discord_spellcheck@1 to /home/kairo/.config/discord/0.0.31/modules/pending/discord_spellcheck-1.zip: 20%
2023-10-06T11:43:11.462Z [Modules] Streaming discord_spellcheck@1 to /home/kairo/.config/discord/0.0.31/modules/pending/discord_spellcheck-1.zip: 21%
2023-10-06T11:43:11.462Z [Modules] Streaming discord_spellcheck@1 to /home/kairo/.config/discord/0.0.31/modules/pending/discord_spellcheck-1.zip: 22%
2023-10-06T11:43:11.463Z [Modules] Streaming discord_spellcheck@1 to /home/kairo/.config/discord/0.0.31/modules/pending/discord_spellcheck-1.zip: 23%
2023-10-06T11:43:11.464Z [Modules] Streaming discord_spellcheck@1 to /home/kairo/.config/discord/0.0.31/modules/pending/discord_spellcheck-1.zip: 24%
2023-10-06T11:43:11.465Z [Modules] Streaming discord_spellcheck@1 to /home/kairo/.config/discord/0.0.31/modules/pending/discord_spellcheck-1.zip: 25%
2023-10-06T11:43:11.466Z [Modules] Streaming discord_spellcheck@1 to /home/kairo/.config/discord/0.0.31/modules/pending/discord_spellcheck-1.zip: 26%
2023-10-06T11:43:11.467Z [Modules] Streaming discord_spellcheck@1 to /home/kairo/.config/discord/0.0.31/modules/pending/discord_spellcheck-1.zip: 27%
2023-10-06T11:43:11.467Z [Modules] Streaming discord_spellcheck@1 to /home/kairo/.config/discord/0.0.31/modules/pending/discord_spellcheck-1.zip: 28%
2023-10-06T11:43:11.469Z [Modules] Streaming discord_spellcheck@1 to /home/kairo/.config/discord/0.0.31/modules/pending/discord_spellcheck-1.zip: 29%
2023-10-06T11:43:11.470Z [Modules] Streaming discord_spellcheck@1 to /home/kairo/.config/discord/0.0.31/modules/pending/discord_spellcheck-1.zip: 30%
2023-10-06T11:43:11.471Z [Modules] Streaming discord_spellcheck@1 to /home/kairo/.config/discord/0.0.31/modules/pending/discord_spellcheck-1.zip: 31%
2023-10-06T11:43:11.471Z [Modules] Streaming discord_spellcheck@1 to /home/kairo/.config/discord/0.0.31/modules/pending/discord_spellcheck-1.zip: 32%
2023-10-06T11:43:11.472Z [Modules] Streaming discord_spellcheck@1 to /home/kairo/.config/discord/0.0.31/modules/pending/discord_spellcheck-1.zip: 33%
2023-10-06T11:43:11.473Z [Modules] Streaming discord_spellcheck@1 to /home/kairo/.config/discord/0.0.31/modules/pending/discord_spellcheck-1.zip: 34%
2023-10-06T11:43:11.474Z [Modules] Streaming discord_spellcheck@1 to /home/kairo/.config/discord/0.0.31/modules/pending/discord_spellcheck-1.zip: 35%
2023-10-06T11:43:11.475Z [Modules] Streaming discord_spellcheck@1 to /home/kairo/.config/discord/0.0.31/modules/pending/discord_spellcheck-1.zip: 36%
2023-10-06T11:43:11.475Z [Modules] Streaming discord_spellcheck@1 to /home/kairo/.config/discord/0.0.31/modules/pending/discord_spellcheck-1.zip: 37%
2023-10-06T11:43:11.476Z [Modules] Streaming discord_spellcheck@1 to /home/kairo/.config/discord/0.0.31/modules/pending/discord_spellcheck-1.zip: 38%
2023-10-06T11:43:11.477Z [Modules] Streaming discord_spellcheck@1 to /home/kairo/.config/discord/0.0.31/modules/pending/discord_spellcheck-1.zip: 39%
2023-10-06T11:43:11.478Z [Modules] Streaming discord_spellcheck@1 to /home/kairo/.config/discord/0.0.31/modules/pending/discord_spellcheck-1.zip: 40%
2023-10-06T11:43:11.479Z [Modules] Streaming discord_spellcheck@1 to /home/kairo/.config/discord/0.0.31/modules/pending/discord_spellcheck-1.zip: 41%
2023-10-06T11:43:11.480Z [Modules] Streaming discord_spellcheck@1 to /home/kairo/.config/discord/0.0.31/modules/pending/discord_spellcheck-1.zip: 42%
2023-10-06T11:43:11.481Z [Modules] Streaming discord_spellcheck@1 to /home/kairo/.config/discord/0.0.31/modules/pending/discord_spellcheck-1.zip: 43%
2023-10-06T11:43:11.481Z [Modules] Streaming discord_spellcheck@1 to /home/kairo/.config/discord/0.0.31/modules/pending/discord_spellcheck-1.zip: 44%
2023-10-06T11:43:11.482Z [Modules] Streaming discord_spellcheck@1 to /home/kairo/.config/discord/0.0.31/modules/pending/discord_spellcheck-1.zip: 45%
2023-10-06T11:43:11.484Z [Modules] Streaming discord_spellcheck@1 to /home/kairo/.config/discord/0.0.31/modules/pending/discord_spellcheck-1.zip: 46%
2023-10-06T11:43:11.484Z [Modules] Streaming discord_spellcheck@1 to /home/kairo/.config/discord/0.0.31/modules/pending/discord_spellcheck-1.zip: 47%
2023-10-06T11:43:11.485Z [Modules] Streaming discord_spellcheck@1 to /home/kairo/.config/discord/0.0.31/modules/pending/discord_spellcheck-1.zip: 48%
2023-10-06T11:43:11.486Z [Modules] Streaming discord_spellcheck@1 to /home/kairo/.config/discord/0.0.31/modules/pending/discord_spellcheck-1.zip: 49%
2023-10-06T11:43:11.487Z [Modules] Streaming discord_spellcheck@1 to /home/kairo/.config/discord/0.0.31/modules/pending/discord_spellcheck-1.zip: 50%
2023-10-06T11:43:11.488Z [Modules] Streaming discord_spellcheck@1 to /home/kairo/.config/discord/0.0.31/modules/pending/discord_spellcheck-1.zip: 51%
2023-10-06T11:43:11.488Z [Modules] Streaming discord_spellcheck@1 to /home/kairo/.config/discord/0.0.31/modules/pending/discord_spellcheck-1.zip: 52%
2023-10-06T11:43:11.489Z [Modules] Streaming discord_spellcheck@1 to /home/kairo/.config/discord/0.0.31/modules/pending/discord_spellcheck-1.zip: 53%
2023-10-06T11:43:11.490Z [Modules] Streaming discord_spellcheck@1 to /home/kairo/.config/discord/0.0.31/modules/pending/discord_spellcheck-1.zip: 54%
2023-10-06T11:43:11.491Z [Modules] Streaming discord_spellcheck@1 to /home/kairo/.config/discord/0.0.31/modules/pending/discord_spellcheck-1.zip: 55%
2023-10-06T11:43:11.492Z [Modules] Streaming discord_spellcheck@1 to /home/kairo/.config/discord/0.0.31/modules/pending/discord_spellcheck-1.zip: 56%
2023-10-06T11:43:11.493Z [Modules] Streaming discord_spellcheck@1 to /home/kairo/.config/discord/0.0.31/modules/pending/discord_spellcheck-1.zip: 57%
2023-10-06T11:43:11.494Z [Modules] Streaming discord_spellcheck@1 to /home/kairo/.config/discord/0.0.31/modules/pending/discord_spellcheck-1.zip: 58%
2023-10-06T11:43:11.495Z [Modules] Streaming discord_spellcheck@1 to /home/kairo/.config/discord/0.0.31/modules/pending/discord_spellcheck-1.zip: 59%
2023-10-06T11:43:11.495Z [Modules] Streaming discord_spellcheck@1 to /home/kairo/.config/discord/0.0.31/modules/pending/discord_spellcheck-1.zip: 60%
2023-10-06T11:43:11.497Z [Modules] Streaming discord_spellcheck@1 to /home/kairo/.config/discord/0.0.31/modules/pending/discord_spellcheck-1.zip: 61%
2023-10-06T11:43:11.497Z [Modules] Streaming discord_spellcheck@1 to /home/kairo/.config/discord/0.0.31/modules/pending/discord_spellcheck-1.zip: 62%
2023-10-06T11:43:11.498Z [Modules] Streaming discord_spellcheck@1 to /home/kairo/.config/discord/0.0.31/modules/pending/discord_spellcheck-1.zip: 63%
2023-10-06T11:43:11.499Z [Modules] Streaming discord_spellcheck@1 to /home/kairo/.config/discord/0.0.31/modules/pending/discord_spellcheck-1.zip: 64%
2023-10-06T11:43:11.500Z [Modules] Streaming discord_spellcheck@1 to /home/kairo/.config/discord/0.0.31/modules/pending/discord_spellcheck-1.zip: 65%
2023-10-06T11:43:11.501Z [Modules] Streaming discord_spellcheck@1 to /home/kairo/.config/discord/0.0.31/modules/pending/discord_spellcheck-1.zip: 66%
2023-10-06T11:43:11.502Z [Modules] Streaming discord_spellcheck@1 to /home/kairo/.config/discord/0.0.31/modules/pending/discord_spellcheck-1.zip: 67%
2023-10-06T11:43:11.502Z [Modules] Streaming discord_spellcheck@1 to /home/kairo/.config/discord/0.0.31/modules/pending/discord_spellcheck-1.zip: 68%
2023-10-06T11:43:11.503Z [Modules] Streaming discord_spellcheck@1 to /home/kairo/.config/discord/0.0.31/modules/pending/discord_spellcheck-1.zip: 69%
2023-10-06T11:43:11.504Z [Modules] Streaming discord_spellcheck@1 to /home/kairo/.config/discord/0.0.31/modules/pending/discord_spellcheck-1.zip: 70%
2023-10-06T11:43:11.505Z [Modules] Streaming discord_spellcheck@1 to /home/kairo/.config/discord/0.0.31/modules/pending/discord_spellcheck-1.zip: 71%
2023-10-06T11:43:11.506Z [Modules] Streaming discord_spellcheck@1 to /home/kairo/.config/discord/0.0.31/modules/pending/discord_spellcheck-1.zip: 72%
2023-10-06T11:43:11.506Z [Modules] Streaming discord_spellcheck@1 to /home/kairo/.config/discord/0.0.31/modules/pending/discord_spellcheck-1.zip: 73%
2023-10-06T11:43:11.508Z [Modules] Streaming discord_spellcheck@1 to /home/kairo/.config/discord/0.0.31/modules/pending/discord_spellcheck-1.zip: 74%
2023-10-06T11:43:11.508Z [Modules] Streaming discord_spellcheck@1 to /home/kairo/.config/discord/0.0.31/modules/pending/discord_spellcheck-1.zip: 75%
2023-10-06T11:43:11.509Z [Modules] Streaming discord_spellcheck@1 to /home/kairo/.config/discord/0.0.31/modules/pending/discord_spellcheck-1.zip: 76%
2023-10-06T11:43:11.510Z [Modules] Streaming discord_spellcheck@1 to /home/kairo/.config/discord/0.0.31/modules/pending/discord_spellcheck-1.zip: 77%
2023-10-06T11:43:11.511Z [Modules] Streaming discord_spellcheck@1 to /home/kairo/.config/discord/0.0.31/modules/pending/discord_spellcheck-1.zip: 78%
2023-10-06T11:43:11.512Z [Modules] Streaming discord_spellcheck@1 to /home/kairo/.config/discord/0.0.31/modules/pending/discord_spellcheck-1.zip: 79%
2023-10-06T11:43:11.513Z [Modules] Streaming discord_spellcheck@1 to /home/kairo/.config/discord/0.0.31/modules/pending/discord_spellcheck-1.zip: 80%
2023-10-06T11:43:11.514Z [Modules] Streaming discord_spellcheck@1 to /home/kairo/.config/discord/0.0.31/modules/pending/discord_spellcheck-1.zip: 81%
2023-10-06T11:43:11.514Z [Modules] Streaming discord_spellcheck@1 to /home/kairo/.config/discord/0.0.31/modules/pending/discord_spellcheck-1.zip: 82%
2023-10-06T11:43:11.515Z [Modules] Streaming discord_spellcheck@1 to /home/kairo/.config/discord/0.0.31/modules/pending/discord_spellcheck-1.zip: 83%
2023-10-06T11:43:11.516Z [Modules] Streaming discord_spellcheck@1 to /home/kairo/.config/discord/0.0.31/modules/pending/discord_spellcheck-1.zip: 84%
2023-10-06T11:43:11.517Z [Modules] Streaming discord_spellcheck@1 to /home/kairo/.config/discord/0.0.31/modules/pending/discord_spellcheck-1.zip: 85%
2023-10-06T11:43:11.518Z [Modules] Streaming discord_spellcheck@1 to /home/kairo/.config/discord/0.0.31/modules/pending/discord_spellcheck-1.zip: 86%
2023-10-06T11:43:11.519Z [Modules] Streaming discord_spellcheck@1 to /home/kairo/.config/discord/0.0.31/modules/pending/discord_spellcheck-1.zip: 87%
2023-10-06T11:43:11.520Z [Modules] Streaming discord_spellcheck@1 to /home/kairo/.config/discord/0.0.31/modules/pending/discord_spellcheck-1.zip: 88%
2023-10-06T11:43:11.520Z [Modules] Streaming discord_spellcheck@1 to /home/kairo/.config/discord/0.0.31/modules/pending/discord_spellcheck-1.zip: 89%
2023-10-06T11:43:11.521Z [Modules] Streaming discord_spellcheck@1 to /home/kairo/.config/discord/0.0.31/modules/pending/discord_spellcheck-1.zip: 90%
2023-10-06T11:43:11.523Z [Modules] Streaming discord_spellcheck@1 to /home/kairo/.config/discord/0.0.31/modules/pending/discord_spellcheck-1.zip: 91%
2023-10-06T11:43:11.523Z [Modules] Streaming discord_spellcheck@1 to /home/kairo/.config/discord/0.0.31/modules/pending/discord_spellcheck-1.zip: 92%
2023-10-06T11:43:11.524Z [Modules] Streaming discord_spellcheck@1 to /home/kairo/.config/discord/0.0.31/modules/pending/discord_spellcheck-1.zip: 93%
2023-10-06T11:43:11.525Z [Modules] Streaming discord_spellcheck@1 to /home/kairo/.config/discord/0.0.31/modules/pending/discord_spellcheck-1.zip: 94%
2023-10-06T11:43:11.526Z [Modules] Streaming discord_spellcheck@1 to /home/kairo/.config/discord/0.0.31/modules/pending/discord_spellcheck-1.zip: 95%
2023-10-06T11:43:11.527Z [Modules] Streaming discord_spellcheck@1 to /home/kairo/.config/discord/0.0.31/modules/pending/discord_spellcheck-1.zip: 96%
2023-10-06T11:43:11.529Z [Modules] Streaming discord_spellcheck@1 to /home/kairo/.config/discord/0.0.31/modules/pending/discord_spellcheck-1.zip: 97%
2023-10-06T11:43:11.530Z [Modules] Streaming discord_spellcheck@1 to /home/kairo/.config/discord/0.0.31/modules/pending/discord_spellcheck-1.zip: 99%
2023-10-06T11:43:11.530Z [Modules] Streaming discord_spellcheck@1 to /home/kairo/.config/discord/0.0.31/modules/pending/discord_spellcheck-1.zip: 100%
2023-10-06T11:43:11.531Z [Modules] Fetching discord_utils@1 from https://discord.com/api/modules/stable/discord_utils/1
2023-10-06T11:43:11.531Z [Modules] Streaming discord_utils@1 to /home/kairo/.config/discord/0.0.31/modules/pending/discord_utils-1.zip
2023-10-06T11:43:11.608Z [Modules] Streaming discord_utils@1 to /home/kairo/.config/discord/0.0.31/modules/pending/discord_utils-1.zip: 1%
2023-10-06T11:43:11.608Z [Modules] Streaming discord_utils@1 to /home/kairo/.config/discord/0.0.31/modules/pending/discord_utils-1.zip: 4%
2023-10-06T11:43:11.609Z [Modules] Streaming discord_utils@1 to /home/kairo/.config/discord/0.0.31/modules/pending/discord_utils-1.zip: 6%
2023-10-06T11:43:11.609Z [Modules] Streaming discord_utils@1 to /home/kairo/.config/discord/0.0.31/modules/pending/discord_utils-1.zip: 8%
2023-10-06T11:43:11.610Z [Modules] Streaming discord_utils@1 to /home/kairo/.config/discord/0.0.31/modules/pending/discord_utils-1.zip: 9%
2023-10-06T11:43:11.611Z [Modules] Streaming discord_utils@1 to /home/kairo/.config/discord/0.0.31/modules/pending/discord_utils-1.zip: 11%
2023-10-06T11:43:11.611Z [Modules] Streaming discord_utils@1 to /home/kairo/.config/discord/0.0.31/modules/pending/discord_utils-1.zip: 13%
2023-10-06T11:43:11.612Z [Modules] Streaming discord_utils@1 to /home/kairo/.config/discord/0.0.31/modules/pending/discord_utils-1.zip: 14%
2023-10-06T11:43:11.612Z [Modules] Streaming discord_utils@1 to /home/kairo/.config/discord/0.0.31/modules/pending/discord_utils-1.zip: 16%
2023-10-06T11:43:11.613Z [Modules] Streaming discord_utils@1 to /home/kairo/.config/discord/0.0.31/modules/pending/discord_utils-1.zip: 17%
2023-10-06T11:43:11.613Z [Modules] Streaming discord_utils@1 to /home/kairo/.config/discord/0.0.31/modules/pending/discord_utils-1.zip: 19%
2023-10-06T11:43:11.614Z [Modules] Streaming discord_utils@1 to /home/kairo/.config/discord/0.0.31/modules/pending/discord_utils-1.zip: 21%
2023-10-06T11:43:11.614Z [Modules] Streaming discord_utils@1 to /home/kairo/.config/discord/0.0.31/modules/pending/discord_utils-1.zip: 22%
2023-10-06T11:43:11.614Z [Modules] Streaming discord_utils@1 to /home/kairo/.config/discord/0.0.31/modules/pending/discord_utils-1.zip: 23%
2023-10-06T11:43:11.615Z [Modules] Streaming discord_utils@1 to /home/kairo/.config/discord/0.0.31/modules/pending/discord_utils-1.zip: 25%
2023-10-06T11:43:11.615Z [Modules] Streaming discord_utils@1 to /home/kairo/.config/discord/0.0.31/modules/pending/discord_utils-1.zip: 26%
2023-10-06T11:43:11.616Z [Modules] Streaming discord_utils@1 to /home/kairo/.config/discord/0.0.31/modules/pending/discord_utils-1.zip: 28%
2023-10-06T11:43:11.616Z [Modules] Streaming discord_utils@1 to /home/kairo/.config/discord/0.0.31/modules/pending/discord_utils-1.zip: 29%
2023-10-06T11:43:11.617Z [Modules] Streaming discord_utils@1 to /home/kairo/.config/discord/0.0.31/modules/pending/discord_utils-1.zip: 31%
2023-10-06T11:43:11.617Z [Modules] Streaming discord_utils@1 to /home/kairo/.config/discord/0.0.31/modules/pending/discord_utils-1.zip: 33%
2023-10-06T11:43:11.618Z [Modules] Streaming discord_utils@1 to /home/kairo/.config/discord/0.0.31/modules/pending/discord_utils-1.zip: 34%
2023-10-06T11:43:11.619Z [Modules] Streaming discord_utils@1 to /home/kairo/.config/discord/0.0.31/modules/pending/discord_utils-1.zip: 36%
2023-10-06T11:43:11.619Z [Modules] Streaming discord_utils@1 to /home/kairo/.config/discord/0.0.31/modules/pending/discord_utils-1.zip: 38%
2023-10-06T11:43:11.619Z [Modules] Streaming discord_utils@1 to /home/kairo/.config/discord/0.0.31/modules/pending/discord_utils-1.zip: 39%
2023-10-06T11:43:11.620Z [Modules] Streaming discord_utils@1 to /home/kairo/.config/discord/0.0.31/modules/pending/discord_utils-1.zip: 41%
2023-10-06T11:43:11.620Z [Modules] Streaming discord_utils@1 to /home/kairo/.config/discord/0.0.31/modules/pending/discord_utils-1.zip: 43%
2023-10-06T11:43:11.621Z [Modules] Streaming discord_utils@1 to /home/kairo/.config/discord/0.0.31/modules/pending/discord_utils-1.zip: 44%
2023-10-06T11:43:11.621Z [Modules] Streaming discord_utils@1 to /home/kairo/.config/discord/0.0.31/modules/pending/discord_utils-1.zip: 46%
2023-10-06T11:43:11.622Z [Modules] Streaming discord_utils@1 to /home/kairo/.config/discord/0.0.31/modules/pending/discord_utils-1.zip: 48%
2023-10-06T11:43:11.623Z [Modules] Streaming discord_utils@1 to /home/kairo/.config/discord/0.0.31/modules/pending/discord_utils-1.zip: 50%
2023-10-06T11:43:11.623Z [Modules] Streaming discord_utils@1 to /home/kairo/.config/discord/0.0.31/modules/pending/discord_utils-1.zip: 52%
2023-10-06T11:43:11.624Z [Modules] Streaming discord_utils@1 to /home/kairo/.config/discord/0.0.31/modules/pending/discord_utils-1.zip: 53%
2023-10-06T11:43:11.624Z [Modules] Streaming discord_utils@1 to /home/kairo/.config/discord/0.0.31/modules/pending/discord_utils-1.zip: 54%
2023-10-06T11:43:11.625Z [Modules] Streaming discord_utils@1 to /home/kairo/.config/discord/0.0.31/modules/pending/discord_utils-1.zip: 56%
2023-10-06T11:43:11.626Z [Modules] Streaming discord_utils@1 to /home/kairo/.config/discord/0.0.31/modules/pending/discord_utils-1.zip: 57%
2023-10-06T11:43:11.626Z [Modules] Streaming discord_utils@1 to /home/kairo/.config/discord/0.0.31/modules/pending/discord_utils-1.zip: 61%
2023-10-06T11:43:11.627Z [Modules] Streaming discord_utils@1 to /home/kairo/.config/discord/0.0.31/modules/pending/discord_utils-1.zip: 62%
2023-10-06T11:43:11.627Z [Modules] Streaming discord_utils@1 to /home/kairo/.config/discord/0.0.31/modules/pending/discord_utils-1.zip: 64%
2023-10-06T11:43:11.628Z [Modules] Streaming discord_utils@1 to /home/kairo/.config/discord/0.0.31/modules/pending/discord_utils-1.zip: 66%
2023-10-06T11:43:11.628Z [Modules] Streaming discord_utils@1 to /home/kairo/.config/discord/0.0.31/modules/pending/discord_utils-1.zip: 68%
2023-10-06T11:43:11.629Z [Modules] Streaming discord_utils@1 to /home/kairo/.config/discord/0.0.31/modules/pending/discord_utils-1.zip: 70%
2023-10-06T11:43:11.629Z [Modules] Streaming discord_utils@1 to /home/kairo/.config/discord/0.0.31/modules/pending/discord_utils-1.zip: 72%
2023-10-06T11:43:11.630Z [Modules] Streaming discord_utils@1 to /home/kairo/.config/discord/0.0.31/modules/pending/discord_utils-1.zip: 73%
2023-10-06T11:43:11.630Z [Modules] Streaming discord_utils@1 to /home/kairo/.config/discord/0.0.31/modules/pending/discord_utils-1.zip: 75%
2023-10-06T11:43:11.631Z [Modules] Streaming discord_utils@1 to /home/kairo/.config/discord/0.0.31/modules/pending/discord_utils-1.zip: 76%
2023-10-06T11:43:11.631Z [Modules] Streaming discord_utils@1 to /home/kairo/.config/discord/0.0.31/modules/pending/discord_utils-1.zip: 78%
2023-10-06T11:43:11.632Z [Modules] Streaming discord_utils@1 to /home/kairo/.config/discord/0.0.31/modules/pending/discord_utils-1.zip: 80%
2023-10-06T11:43:11.632Z [Modules] Streaming discord_utils@1 to /home/kairo/.config/discord/0.0.31/modules/pending/discord_utils-1.zip: 81%
2023-10-06T11:43:11.633Z [Modules] Streaming discord_utils@1 to /home/kairo/.config/discord/0.0.31/modules/pending/discord_utils-1.zip: 83%
2023-10-06T11:43:11.633Z [Modules] Streaming discord_utils@1 to /home/kairo/.config/discord/0.0.31/modules/pending/discord_utils-1.zip: 85%
2023-10-06T11:43:11.634Z [Modules] Streaming discord_utils@1 to /home/kairo/.config/discord/0.0.31/modules/pending/discord_utils-1.zip: 86%
2023-10-06T11:43:11.634Z [Modules] Streaming discord_utils@1 to /home/kairo/.config/discord/0.0.31/modules/pending/discord_utils-1.zip: 88%
2023-10-06T11:43:11.635Z [Modules] Streaming discord_utils@1 to /home/kairo/.config/discord/0.0.31/modules/pending/discord_utils-1.zip: 90%
2023-10-06T11:43:11.635Z [Modules] Streaming discord_utils@1 to /home/kairo/.config/discord/0.0.31/modules/pending/discord_utils-1.zip: 91%
2023-10-06T11:43:11.636Z [Modules] Streaming discord_utils@1 to /home/kairo/.config/discord/0.0.31/modules/pending/discord_utils-1.zip: 93%
2023-10-06T11:43:11.637Z [Modules] Streaming discord_utils@1 to /home/kairo/.config/discord/0.0.31/modules/pending/discord_utils-1.zip: 95%
2023-10-06T11:43:11.637Z [Modules] Streaming discord_utils@1 to /home/kairo/.config/discord/0.0.31/modules/pending/discord_utils-1.zip: 96%
2023-10-06T11:43:11.637Z [Modules] Streaming discord_utils@1 to /home/kairo/.config/discord/0.0.31/modules/pending/discord_utils-1.zip: 98%
2023-10-06T11:43:11.638Z [Modules] Streaming discord_utils@1 to /home/kairo/.config/discord/0.0.31/modules/pending/discord_utils-1.zip: 100%
2023-10-06T11:43:11.639Z [Modules] Fetching discord_voice@1 from https://discord.com/api/modules/stable/discord_voice/1
2023-10-06T11:43:11.639Z [Modules] Streaming discord_voice@1 to /home/kairo/.config/discord/0.0.31/modules/pending/discord_voice-1.zip
2023-10-06T11:43:11.713Z [Modules] Streaming discord_voice@1 to /home/kairo/.config/discord/0.0.31/modules/pending/discord_voice-1.zip: 1%
2023-10-06T11:43:11.715Z [Modules] Streaming discord_voice@1 to /home/kairo/.config/discord/0.0.31/modules/pending/discord_voice-1.zip: 2%
2023-10-06T11:43:11.717Z [Modules] Streaming discord_voice@1 to /home/kairo/.config/discord/0.0.31/modules/pending/discord_voice-1.zip: 3%
2023-10-06T11:43:11.719Z [Modules] Streaming discord_voice@1 to /home/kairo/.config/discord/0.0.31/modules/pending/discord_voice-1.zip: 4%
2023-10-06T11:43:11.720Z [Modules] Streaming discord_voice@1 to /home/kairo/.config/discord/0.0.31/modules/pending/discord_voice-1.zip: 5%
2023-10-06T11:43:11.722Z [Modules] Streaming discord_voice@1 to /home/kairo/.config/discord/0.0.31/modules/pending/discord_voice-1.zip: 6%
2023-10-06T11:43:11.724Z [Modules] Streaming discord_voice@1 to /home/kairo/.config/discord/0.0.31/modules/pending/discord_voice-1.zip: 7%
2023-10-06T11:43:11.726Z [Modules] Streaming discord_voice@1 to /home/kairo/.config/discord/0.0.31/modules/pending/discord_voice-1.zip: 8%
2023-10-06T11:43:11.727Z [Modules] Streaming discord_voice@1 to /home/kairo/.config/discord/0.0.31/modules/pending/discord_voice-1.zip: 9%
2023-10-06T11:43:11.729Z [Modules] Streaming discord_voice@1 to /home/kairo/.config/discord/0.0.31/modules/pending/discord_voice-1.zip: 10%
2023-10-06T11:43:11.731Z [Modules] Streaming discord_voice@1 to /home/kairo/.config/discord/0.0.31/modules/pending/discord_voice-1.zip: 11%
2023-10-06T11:43:11.733Z [Modules] Streaming discord_voice@1 to /home/kairo/.config/discord/0.0.31/modules/pending/discord_voice-1.zip: 12%
2023-10-06T11:43:11.735Z [Modules] Streaming discord_voice@1 to /home/kairo/.config/discord/0.0.31/modules/pending/discord_voice-1.zip: 13%
2023-10-06T11:43:11.737Z [Modules] Streaming discord_voice@1 to /home/kairo/.config/discord/0.0.31/modules/pending/discord_voice-1.zip: 14%
2023-10-06T11:43:11.738Z [Modules] Streaming discord_voice@1 to /home/kairo/.config/discord/0.0.31/modules/pending/discord_voice-1.zip: 15%
2023-10-06T11:43:11.741Z [Modules] Streaming discord_voice@1 to /home/kairo/.config/discord/0.0.31/modules/pending/discord_voice-1.zip: 16%
2023-10-06T11:43:11.742Z [Modules] Streaming discord_voice@1 to /home/kairo/.config/discord/0.0.31/modules/pending/discord_voice-1.zip: 17%
2023-10-06T11:43:11.744Z [Modules] Streaming discord_voice@1 to /home/kairo/.config/discord/0.0.31/modules/pending/discord_voice-1.zip: 18%
2023-10-06T11:43:11.747Z [Modules] Streaming discord_voice@1 to /home/kairo/.config/discord/0.0.31/modules/pending/discord_voice-1.zip: 19%
2023-10-06T11:43:11.748Z [Modules] Streaming discord_voice@1 to /home/kairo/.config/discord/0.0.31/modules/pending/discord_voice-1.zip: 20%
2023-10-06T11:43:11.750Z [Modules] Streaming discord_voice@1 to /home/kairo/.config/discord/0.0.31/modules/pending/discord_voice-1.zip: 21%
2023-10-06T11:43:11.752Z [Modules] Streaming discord_voice@1 to /home/kairo/.config/discord/0.0.31/modules/pending/discord_voice-1.zip: 22%
2023-10-06T11:43:11.754Z [Modules] Streaming discord_voice@1 to /home/kairo/.config/discord/0.0.31/modules/pending/discord_voice-1.zip: 23%
2023-10-06T11:43:11.756Z [Modules] Streaming discord_voice@1 to /home/kairo/.config/discord/0.0.31/modules/pending/discord_voice-1.zip: 24%
2023-10-06T11:43:11.757Z [Modules] Streaming discord_voice@1 to /home/kairo/.config/discord/0.0.31/modules/pending/discord_voice-1.zip: 25%
2023-10-06T11:43:11.759Z [Modules] Streaming discord_voice@1 to /home/kairo/.config/discord/0.0.31/modules/pending/discord_voice-1.zip: 26%
2023-10-06T11:43:11.761Z [Modules] Streaming discord_voice@1 to /home/kairo/.config/discord/0.0.31/modules/pending/discord_voice-1.zip: 27%
2023-10-06T11:43:11.764Z [Modules] Streaming discord_voice@1 to /home/kairo/.config/discord/0.0.31/modules/pending/discord_voice-1.zip: 28%
2023-10-06T11:43:11.767Z [Modules] Streaming discord_voice@1 to /home/kairo/.config/discord/0.0.31/modules/pending/discord_voice-1.zip: 29%
2023-10-06T11:43:11.768Z [Modules] Streaming discord_voice@1 to /home/kairo/.config/discord/0.0.31/modules/pending/discord_voice-1.zip: 30%
2023-10-06T11:43:11.770Z [Modules] Streaming discord_voice@1 to /home/kairo/.config/discord/0.0.31/modules/pending/discord_voice-1.zip: 31%
2023-10-06T11:43:11.775Z [Modules] Streaming discord_voice@1 to /home/kairo/.config/discord/0.0.31/modules/pending/discord_voice-1.zip: 32%
2023-10-06T11:43:11.776Z [Modules] Streaming discord_voice@1 to /home/kairo/.config/discord/0.0.31/modules/pending/discord_voice-1.zip: 33%
2023-10-06T11:43:11.779Z [Modules] Streaming discord_voice@1 to /home/kairo/.config/discord/0.0.31/modules/pending/discord_voice-1.zip: 34%
2023-10-06T11:43:11.780Z [Modules] Streaming discord_voice@1 to /home/kairo/.config/discord/0.0.31/modules/pending/discord_voice-1.zip: 35%
2023-10-06T11:43:11.782Z [Modules] Streaming discord_voice@1 to /home/kairo/.config/discord/0.0.31/modules/pending/discord_voice-1.zip: 36%
2023-10-06T11:43:11.784Z [Modules] Streaming discord_voice@1 to /home/kairo/.config/discord/0.0.31/modules/pending/discord_voice-1.zip: 37%
2023-10-06T11:43:11.785Z [Modules] Streaming discord_voice@1 to /home/kairo/.config/discord/0.0.31/modules/pending/discord_voice-1.zip: 38%
2023-10-06T11:43:11.787Z [Modules] Streaming discord_voice@1 to /home/kairo/.config/discord/0.0.31/modules/pending/discord_voice-1.zip: 39%
2023-10-06T11:43:11.789Z [Modules] Streaming discord_voice@1 to /home/kairo/.config/discord/0.0.31/modules/pending/discord_voice-1.zip: 40%
2023-10-06T11:43:11.791Z [Modules] Streaming discord_voice@1 to /home/kairo/.config/discord/0.0.31/modules/pending/discord_voice-1.zip: 41%
2023-10-06T11:43:11.792Z [Modules] Streaming discord_voice@1 to /home/kairo/.config/discord/0.0.31/modules/pending/discord_voice-1.zip: 42%
2023-10-06T11:43:11.794Z [Modules] Streaming discord_voice@1 to /home/kairo/.config/discord/0.0.31/modules/pending/discord_voice-1.zip: 43%
2023-10-06T11:43:11.796Z [Modules] Streaming discord_voice@1 to /home/kairo/.config/discord/0.0.31/modules/pending/discord_voice-1.zip: 44%
2023-10-06T11:43:11.798Z [Modules] Streaming discord_voice@1 to /home/kairo/.config/discord/0.0.31/modules/pending/discord_voice-1.zip: 45%
2023-10-06T11:43:11.800Z [Modules] Streaming discord_voice@1 to /home/kairo/.config/discord/0.0.31/modules/pending/discord_voice-1.zip: 46%
2023-10-06T11:43:11.802Z [Modules] Streaming discord_voice@1 to /home/kairo/.config/discord/0.0.31/modules/pending/discord_voice-1.zip: 47%
2023-10-06T11:43:11.803Z [Modules] Streaming discord_voice@1 to /home/kairo/.config/discord/0.0.31/modules/pending/discord_voice-1.zip: 48%
2023-10-06T11:43:11.805Z [Modules] Streaming discord_voice@1 to /home/kairo/.config/discord/0.0.31/modules/pending/discord_voice-1.zip: 49%
2023-10-06T11:43:11.807Z [Modules] Streaming discord_voice@1 to /home/kairo/.config/discord/0.0.31/modules/pending/discord_voice-1.zip: 50%
2023-10-06T11:43:11.809Z [Modules] Streaming discord_voice@1 to /home/kairo/.config/discord/0.0.31/modules/pending/discord_voice-1.zip: 51%
2023-10-06T11:43:11.810Z [Modules] Streaming discord_voice@1 to /home/kairo/.config/discord/0.0.31/modules/pending/discord_voice-1.zip: 52%
2023-10-06T11:43:11.812Z [Modules] Streaming discord_voice@1 to /home/kairo/.config/discord/0.0.31/modules/pending/discord_voice-1.zip: 53%
2023-10-06T11:43:11.814Z [Modules] Streaming discord_voice@1 to /home/kairo/.config/discord/0.0.31/modules/pending/discord_voice-1.zip: 54%
2023-10-06T11:43:11.815Z [Modules] Streaming discord_voice@1 to /home/kairo/.config/discord/0.0.31/modules/pending/discord_voice-1.zip: 55%
2023-10-06T11:43:11.817Z [Modules] Streaming discord_voice@1 to /home/kairo/.config/discord/0.0.31/modules/pending/discord_voice-1.zip: 56%
2023-10-06T11:43:11.822Z [Modules] Streaming discord_voice@1 to /home/kairo/.config/discord/0.0.31/modules/pending/discord_voice-1.zip: 57%
2023-10-06T11:43:11.824Z [Modules] Streaming discord_voice@1 to /home/kairo/.config/discord/0.0.31/modules/pending/discord_voice-1.zip: 58%
2023-10-06T11:43:11.826Z [Modules] Streaming discord_voice@1 to /home/kairo/.config/discord/0.0.31/modules/pending/discord_voice-1.zip: 59%
2023-10-06T11:43:11.828Z [Modules] Streaming discord_voice@1 to /home/kairo/.config/discord/0.0.31/modules/pending/discord_voice-1.zip: 60%
2023-10-06T11:43:11.830Z [Modules] Streaming discord_voice@1 to /home/kairo/.config/discord/0.0.31/modules/pending/discord_voice-1.zip: 61%
2023-10-06T11:43:11.831Z [Modules] Streaming discord_voice@1 to /home/kairo/.config/discord/0.0.31/modules/pending/discord_voice-1.zip: 62%
2023-10-06T11:43:11.833Z [Modules] Streaming discord_voice@1 to /home/kairo/.config/discord/0.0.31/modules/pending/discord_voice-1.zip: 63%
2023-10-06T11:43:11.835Z [Modules] Streaming discord_voice@1 to /home/kairo/.config/discord/0.0.31/modules/pending/discord_voice-1.zip: 64%
2023-10-06T11:43:11.837Z [Modules] Streaming discord_voice@1 to /home/kairo/.config/discord/0.0.31/modules/pending/discord_voice-1.zip: 65%
2023-10-06T11:43:11.839Z [Modules] Streaming discord_voice@1 to /home/kairo/.config/discord/0.0.31/modules/pending/discord_voice-1.zip: 66%
2023-10-06T11:43:11.840Z [Modules] Streaming discord_voice@1 to /home/kairo/.config/discord/0.0.31/modules/pending/discord_voice-1.zip: 67%
2023-10-06T11:43:11.842Z [Modules] Streaming discord_voice@1 to /home/kairo/.config/discord/0.0.31/modules/pending/discord_voice-1.zip: 68%
2023-10-06T11:43:11.844Z [Modules] Streaming discord_voice@1 to /home/kairo/.config/discord/0.0.31/modules/pending/discord_voice-1.zip: 69%
2023-10-06T11:43:11.846Z [Modules] Streaming discord_voice@1 to /home/kairo/.config/discord/0.0.31/modules/pending/discord_voice-1.zip: 70%
2023-10-06T11:43:11.848Z [Modules] Streaming discord_voice@1 to /home/kairo/.config/discord/0.0.31/modules/pending/discord_voice-1.zip: 71%
2023-10-06T11:43:11.849Z [Modules] Streaming discord_voice@1 to /home/kairo/.config/discord/0.0.31/modules/pending/discord_voice-1.zip: 72%
2023-10-06T11:43:11.851Z [Modules] Streaming discord_voice@1 to /home/kairo/.config/discord/0.0.31/modules/pending/discord_voice-1.zip: 73%
2023-10-06T11:43:11.853Z [Modules] Streaming discord_voice@1 to /home/kairo/.config/discord/0.0.31/modules/pending/discord_voice-1.zip: 74%
2023-10-06T11:43:11.854Z [Modules] Streaming discord_voice@1 to /home/kairo/.config/discord/0.0.31/modules/pending/discord_voice-1.zip: 75%
2023-10-06T11:43:11.856Z [Modules] Streaming discord_voice@1 to /home/kairo/.config/discord/0.0.31/modules/pending/discord_voice-1.zip: 76%
2023-10-06T11:43:11.858Z [Modules] Streaming discord_voice@1 to /home/kairo/.config/discord/0.0.31/modules/pending/discord_voice-1.zip: 77%
2023-10-06T11:43:11.862Z [Modules] Streaming discord_voice@1 to /home/kairo/.config/discord/0.0.31/modules/pending/discord_voice-1.zip: 78%
2023-10-06T11:43:11.865Z [Modules] Streaming discord_voice@1 to /home/kairo/.config/discord/0.0.31/modules/pending/discord_voice-1.zip: 79%
2023-10-06T11:43:11.866Z [Modules] Streaming discord_voice@1 to /home/kairo/.config/discord/0.0.31/modules/pending/discord_voice-1.zip: 80%
2023-10-06T11:43:11.868Z [Modules] Streaming discord_voice@1 to /home/kairo/.config/discord/0.0.31/modules/pending/discord_voice-1.zip: 81%
2023-10-06T11:43:11.870Z [Modules] Streaming discord_voice@1 to /home/kairo/.config/discord/0.0.31/modules/pending/discord_voice-1.zip: 82%
2023-10-06T11:43:11.872Z [Modules] Streaming discord_voice@1 to /home/kairo/.config/discord/0.0.31/modules/pending/discord_voice-1.zip: 83%
2023-10-06T11:43:11.874Z [Modules] Streaming discord_voice@1 to /home/kairo/.config/discord/0.0.31/modules/pending/discord_voice-1.zip: 84%
2023-10-06T11:43:11.875Z [Modules] Streaming discord_voice@1 to /home/kairo/.config/discord/0.0.31/modules/pending/discord_voice-1.zip: 85%
2023-10-06T11:43:11.877Z [Modules] Streaming discord_voice@1 to /home/kairo/.config/discord/0.0.31/modules/pending/discord_voice-1.zip: 86%
2023-10-06T11:43:11.879Z [Modules] Streaming discord_voice@1 to /home/kairo/.config/discord/0.0.31/modules/pending/discord_voice-1.zip: 87%
2023-10-06T11:43:11.881Z [Modules] Streaming discord_voice@1 to /home/kairo/.config/discord/0.0.31/modules/pending/discord_voice-1.zip: 88%
2023-10-06T11:43:11.882Z [Modules] Streaming discord_voice@1 to /home/kairo/.config/discord/0.0.31/modules/pending/discord_voice-1.zip: 89%
2023-10-06T11:43:11.884Z [Modules] Streaming discord_voice@1 to /home/kairo/.config/discord/0.0.31/modules/pending/discord_voice-1.zip: 90%
2023-10-06T11:43:11.886Z [Modules] Streaming discord_voice@1 to /home/kairo/.config/discord/0.0.31/modules/pending/discord_voice-1.zip: 91%
2023-10-06T11:43:11.888Z [Modules] Streaming discord_voice@1 to /home/kairo/.config/discord/0.0.31/modules/pending/discord_voice-1.zip: 92%
2023-10-06T11:43:11.889Z [Modules] Streaming discord_voice@1 to /home/kairo/.config/discord/0.0.31/modules/pending/discord_voice-1.zip: 93%
2023-10-06T11:43:11.891Z [Modules] Streaming discord_voice@1 to /home/kairo/.config/discord/0.0.31/modules/pending/discord_voice-1.zip: 94%
2023-10-06T11:43:11.893Z [Modules] Streaming discord_voice@1 to /home/kairo/.config/discord/0.0.31/modules/pending/discord_voice-1.zip: 95%
2023-10-06T11:43:11.895Z [Modules] Streaming discord_voice@1 to /home/kairo/.config/discord/0.0.31/modules/pending/discord_voice-1.zip: 96%
2023-10-06T11:43:11.896Z [Modules] Streaming discord_voice@1 to /home/kairo/.config/discord/0.0.31/modules/pending/discord_voice-1.zip: 97%
2023-10-06T11:43:11.898Z [Modules] Streaming discord_voice@1 to /home/kairo/.config/discord/0.0.31/modules/pending/discord_voice-1.zip: 98%
2023-10-06T11:43:11.900Z [Modules] Streaming discord_voice@1 to /home/kairo/.config/discord/0.0.31/modules/pending/discord_voice-1.zip: 99%
2023-10-06T11:43:11.902Z [Modules] Streaming discord_voice@1 to /home/kairo/.config/discord/0.0.31/modules/pending/discord_voice-1.zip: 100%
2023-10-06T11:43:11.902Z [Modules] Finished module downloads. [success: 5] [failure: 0]
2023-10-06T11:43:11.903Z [Modules] Installing updates...
2023-10-06T11:43:11.903Z [Modules] Installing discord_desktop_core@1 from /home/kairo/.config/discord/0.0.31/modules/pending/discord_desktop_core-1.zip
2023-10-06T11:43:11.961Z [Modules] Installing discord_erlpack@1 from /home/kairo/.config/discord/0.0.31/modules/pending/discord_erlpack-1.zip
2023-10-06T11:43:12.004Z [Modules] Installing discord_spellcheck@1 from /home/kairo/.config/discord/0.0.31/modules/pending/discord_spellcheck-1.zip
2023-10-06T11:43:12.498Z [Modules] Installing discord_utils@1 from /home/kairo/.config/discord/0.0.31/modules/pending/discord_utils-1.zip
2023-10-06T11:43:12.780Z [Modules] Installing discord_voice@1 from /home/kairo/.config/discord/0.0.31/modules/pending/discord_voice-1.zip
2023-10-06T11:43:13.276Z [Modules] Finished module installations. [success: 5] [failure: 0]
2023-10-06T11:43:13.276Z [Modules] Checking for host updates.
2023-10-06T11:43:13.398Z [Modules] Host is up to date.
2023-10-06T11:43:13.399Z [Modules] Checking for module updates at https://discord.com/api/modules/stable/versions.json
2023-10-06T11:43:13.401Z [Modules] No module updates available.
2023-10-06T11:43:14.387Z [Modules] Starting to install discord_krisp...
2023-10-06T11:43:14.387Z [Modules] Fetching discord_krisp@1 from https://discord.com/api/modules/stable/discord_krisp/1
2023-10-06T11:43:14.387Z [Modules] Streaming discord_krisp@1 to /home/kairo/.config/discord/0.0.31/modules/pending/discord_krisp-1.zip
2023-10-06T11:43:14.397Z [Modules] Starting to install discord_game_utils...
2023-10-06T11:43:14.462Z [Modules] Streaming discord_krisp@1 to /home/kairo/.config/discord/0.0.31/modules/pending/discord_krisp-1.zip: 2%
2023-10-06T11:43:14.467Z [Modules] Streaming discord_krisp@1 to /home/kairo/.config/discord/0.0.31/modules/pending/discord_krisp-1.zip: 4%
2023-10-06T11:43:14.468Z [Modules] Streaming discord_krisp@1 to /home/kairo/.config/discord/0.0.31/modules/pending/discord_krisp-1.zip: 5%
2023-10-06T11:43:14.470Z [Modules] Streaming discord_krisp@1 to /home/kairo/.config/discord/0.0.31/modules/pending/discord_krisp-1.zip: 6%
2023-10-06T11:43:14.472Z [Modules] Streaming discord_krisp@1 to /home/kairo/.config/discord/0.0.31/modules/pending/discord_krisp-1.zip: 7%
2023-10-06T11:43:14.474Z [Modules] Streaming discord_krisp@1 to /home/kairo/.config/discord/0.0.31/modules/pending/discord_krisp-1.zip: 8%
2023-10-06T11:43:14.476Z [Modules] Streaming discord_krisp@1 to /home/kairo/.config/discord/0.0.31/modules/pending/discord_krisp-1.zip: 9%
2023-10-06T11:43:14.478Z [Modules] Streaming discord_krisp@1 to /home/kairo/.config/discord/0.0.31/modules/pending/discord_krisp-1.zip: 10%
2023-10-06T11:43:14.482Z [Modules] Streaming discord_krisp@1 to /home/kairo/.config/discord/0.0.31/modules/pending/discord_krisp-1.zip: 12%
2023-10-06T11:43:14.483Z [Modules] Streaming discord_krisp@1 to /home/kairo/.config/discord/0.0.31/modules/pending/discord_krisp-1.zip: 13%
2023-10-06T11:43:14.486Z [Modules] Streaming discord_krisp@1 to /home/kairo/.config/discord/0.0.31/modules/pending/discord_krisp-1.zip: 14%
2023-10-06T11:43:14.488Z [Modules] Streaming discord_krisp@1 to /home/kairo/.config/discord/0.0.31/modules/pending/discord_krisp-1.zip: 15%
2023-10-06T11:43:14.489Z [Modules] Streaming discord_krisp@1 to /home/kairo/.config/discord/0.0.31/modules/pending/discord_krisp-1.zip: 16%
2023-10-06T11:43:14.491Z [Modules] Streaming discord_krisp@1 to /home/kairo/.config/discord/0.0.31/modules/pending/discord_krisp-1.zip: 17%
2023-10-06T11:43:14.493Z [Modules] Streaming discord_krisp@1 to /home/kairo/.config/discord/0.0.31/modules/pending/discord_krisp-1.zip: 18%
2023-10-06T11:43:14.495Z [Modules] Streaming discord_krisp@1 to /home/kairo/.config/discord/0.0.31/modules/pending/discord_krisp-1.zip: 19%
2023-10-06T11:43:14.498Z [Modules] Streaming discord_krisp@1 to /home/kairo/.config/discord/0.0.31/modules/pending/discord_krisp-1.zip: 20%
2023-10-06T11:43:14.499Z [Modules] Streaming discord_krisp@1 to /home/kairo/.config/discord/0.0.31/modules/pending/discord_krisp-1.zip: 21%
2023-10-06T11:43:14.501Z [Modules] Streaming discord_krisp@1 to /home/kairo/.config/discord/0.0.31/modules/pending/discord_krisp-1.zip: 22%
2023-10-06T11:43:14.503Z [Modules] Streaming discord_krisp@1 to /home/kairo/.config/discord/0.0.31/modules/pending/discord_krisp-1.zip: 23%
2023-10-06T11:43:14.505Z [Modules] Streaming discord_krisp@1 to /home/kairo/.config/discord/0.0.31/modules/pending/discord_krisp-1.zip: 24%
2023-10-06T11:43:14.507Z [Modules] Streaming discord_krisp@1 to /home/kairo/.config/discord/0.0.31/modules/pending/discord_krisp-1.zip: 25%
2023-10-06T11:43:14.509Z [Modules] Streaming discord_krisp@1 to /home/kairo/.config/discord/0.0.31/modules/pending/discord_krisp-1.zip: 26%
2023-10-06T11:43:14.511Z [Modules] Streaming discord_krisp@1 to /home/kairo/.config/discord/0.0.31/modules/pending/discord_krisp-1.zip: 27%
2023-10-06T11:43:14.513Z [Modules] Streaming discord_krisp@1 to /home/kairo/.config/discord/0.0.31/modules/pending/discord_krisp-1.zip: 28%
2023-10-06T11:43:14.515Z [Modules] Streaming discord_krisp@1 to /home/kairo/.config/discord/0.0.31/modules/pending/discord_krisp-1.zip: 29%
2023-10-06T11:43:14.517Z [Modules] Streaming discord_krisp@1 to /home/kairo/.config/discord/0.0.31/modules/pending/discord_krisp-1.zip: 30%
2023-10-06T11:43:14.518Z [Modules] Streaming discord_krisp@1 to /home/kairo/.config/discord/0.0.31/modules/pending/discord_krisp-1.zip: 31%
2023-10-06T11:43:14.521Z [Modules] Streaming discord_krisp@1 to /home/kairo/.config/discord/0.0.31/modules/pending/discord_krisp-1.zip: 32%
2023-10-06T11:43:14.522Z [Modules] Streaming discord_krisp@1 to /home/kairo/.config/discord/0.0.31/modules/pending/discord_krisp-1.zip: 33%
2023-10-06T11:43:14.524Z [Modules] Streaming discord_krisp@1 to /home/kairo/.config/discord/0.0.31/modules/pending/discord_krisp-1.zip: 34%
2023-10-06T11:43:14.526Z [Modules] Streaming discord_krisp@1 to /home/kairo/.config/discord/0.0.31/modules/pending/discord_krisp-1.zip: 35%
2023-10-06T11:43:14.533Z [Modules] Streaming discord_krisp@1 to /home/kairo/.config/discord/0.0.31/modules/pending/discord_krisp-1.zip: 36%
2023-10-06T11:43:14.534Z [Modules] Streaming discord_krisp@1 to /home/kairo/.config/discord/0.0.31/modules/pending/discord_krisp-1.zip: 37%
2023-10-06T11:43:14.537Z [Modules] Streaming discord_krisp@1 to /home/kairo/.config/discord/0.0.31/modules/pending/discord_krisp-1.zip: 38%
2023-10-06T11:43:14.538Z [Modules] Streaming discord_krisp@1 to /home/kairo/.config/discord/0.0.31/modules/pending/discord_krisp-1.zip: 39%
2023-10-06T11:43:14.540Z [Modules] Streaming discord_krisp@1 to /home/kairo/.config/discord/0.0.31/modules/pending/discord_krisp-1.zip: 40%
2023-10-06T11:43:14.542Z [Modules] Streaming discord_krisp@1 to /home/kairo/.config/discord/0.0.31/modules/pending/discord_krisp-1.zip: 41%
2023-10-06T11:43:14.544Z [Modules] Streaming discord_krisp@1 to /home/kairo/.config/discord/0.0.31/modules/pending/discord_krisp-1.zip: 42%
2023-10-06T11:43:14.552Z [Modules] Streaming discord_krisp@1 to /home/kairo/.config/discord/0.0.31/modules/pending/discord_krisp-1.zip: 43%
2023-10-06T11:43:14.624Z [Modules] Streaming discord_krisp@1 to /home/kairo/.config/discord/0.0.31/modules/pending/discord_krisp-1.zip: 44%
2023-10-06T11:43:14.693Z [Modules] Streaming discord_krisp@1 to /home/kairo/.config/discord/0.0.31/modules/pending/discord_krisp-1.zip: 45%
2023-10-06T11:43:14.704Z [Modules] Streaming discord_krisp@1 to /home/kairo/.config/discord/0.0.31/modules/pending/discord_krisp-1.zip: 46%
2023-10-06T11:43:14.713Z [Modules] Streaming discord_krisp@1 to /home/kairo/.config/discord/0.0.31/modules/pending/discord_krisp-1.zip: 47%
2023-10-06T11:43:14.719Z [Modules] Streaming discord_krisp@1 to /home/kairo/.config/discord/0.0.31/modules/pending/discord_krisp-1.zip: 48%
2023-10-06T11:43:14.725Z [Modules] Streaming discord_krisp@1 to /home/kairo/.config/discord/0.0.31/modules/pending/discord_krisp-1.zip: 49%
2023-10-06T11:43:14.727Z [Modules] Streaming discord_krisp@1 to /home/kairo/.config/discord/0.0.31/modules/pending/discord_krisp-1.zip: 50%
2023-10-06T11:43:14.731Z [Modules] Streaming discord_krisp@1 to /home/kairo/.config/discord/0.0.31/modules/pending/discord_krisp-1.zip: 51%
2023-10-06T11:43:14.732Z [Modules] Streaming discord_krisp@1 to /home/kairo/.config/discord/0.0.31/modules/pending/discord_krisp-1.zip: 52%
2023-10-06T11:43:14.735Z [Modules] Streaming discord_krisp@1 to /home/kairo/.config/discord/0.0.31/modules/pending/discord_krisp-1.zip: 53%
2023-10-06T11:43:14.739Z [Modules] Streaming discord_krisp@1 to /home/kairo/.config/discord/0.0.31/modules/pending/discord_krisp-1.zip: 54%
2023-10-06T11:43:14.742Z [Modules] Streaming discord_krisp@1 to /home/kairo/.config/discord/0.0.31/modules/pending/discord_krisp-1.zip: 55%
2023-10-06T11:43:14.745Z [Modules] Streaming discord_krisp@1 to /home/kairo/.config/discord/0.0.31/modules/pending/discord_krisp-1.zip: 56%
2023-10-06T11:43:14.747Z [Modules] Streaming discord_krisp@1 to /home/kairo/.config/discord/0.0.31/modules/pending/discord_krisp-1.zip: 57%
2023-10-06T11:43:14.749Z [Modules] Streaming discord_krisp@1 to /home/kairo/.config/discord/0.0.31/modules/pending/discord_krisp-1.zip: 58%
2023-10-06T11:43:14.751Z [Modules] Streaming discord_krisp@1 to /home/kairo/.config/discord/0.0.31/modules/pending/discord_krisp-1.zip: 59%
2023-10-06T11:43:14.752Z [Modules] Streaming discord_krisp@1 to /home/kairo/.config/discord/0.0.31/modules/pending/discord_krisp-1.zip: 60%
2023-10-06T11:43:14.753Z [Modules] Streaming discord_krisp@1 to /home/kairo/.config/discord/0.0.31/modules/pending/discord_krisp-1.zip: 61%
2023-10-06T11:43:14.753Z [Modules] Streaming discord_krisp@1 to /home/kairo/.config/discord/0.0.31/modules/pending/discord_krisp-1.zip: 62%
2023-10-06T11:43:14.754Z [Modules] Streaming discord_krisp@1 to /home/kairo/.config/discord/0.0.31/modules/pending/discord_krisp-1.zip: 63%
2023-10-06T11:43:14.755Z [Modules] Streaming discord_krisp@1 to /home/kairo/.config/discord/0.0.31/modules/pending/discord_krisp-1.zip: 64%
2023-10-06T11:43:14.755Z [Modules] Streaming discord_krisp@1 to /home/kairo/.config/discord/0.0.31/modules/pending/discord_krisp-1.zip: 65%
2023-10-06T11:43:14.756Z [Modules] Streaming discord_krisp@1 to /home/kairo/.config/discord/0.0.31/modules/pending/discord_krisp-1.zip: 66%
2023-10-06T11:43:14.757Z [Modules] Streaming discord_krisp@1 to /home/kairo/.config/discord/0.0.31/modules/pending/discord_krisp-1.zip: 67%
2023-10-06T11:43:14.757Z [Modules] Streaming discord_krisp@1 to /home/kairo/.config/discord/0.0.31/modules/pending/discord_krisp-1.zip: 68%
2023-10-06T11:43:14.758Z [Modules] Streaming discord_krisp@1 to /home/kairo/.config/discord/0.0.31/modules/pending/discord_krisp-1.zip: 69%
2023-10-06T11:43:14.758Z [Modules] Streaming discord_krisp@1 to /home/kairo/.config/discord/0.0.31/modules/pending/discord_krisp-1.zip: 70%
2023-10-06T11:43:14.759Z [Modules] Streaming discord_krisp@1 to /home/kairo/.config/discord/0.0.31/modules/pending/discord_krisp-1.zip: 71%
2023-10-06T11:43:14.759Z [Modules] Streaming discord_krisp@1 to /home/kairo/.config/discord/0.0.31/modules/pending/discord_krisp-1.zip: 72%
2023-10-06T11:43:14.761Z [Modules] Streaming discord_krisp@1 to /home/kairo/.config/discord/0.0.31/modules/pending/discord_krisp-1.zip: 73%
2023-10-06T11:43:14.763Z [Modules] Streaming discord_krisp@1 to /home/kairo/.config/discord/0.0.31/modules/pending/discord_krisp-1.zip: 74%
2023-10-06T11:43:14.765Z [Modules] Streaming discord_krisp@1 to /home/kairo/.config/discord/0.0.31/modules/pending/discord_krisp-1.zip: 75%
2023-10-06T11:43:14.770Z [Modules] Streaming discord_krisp@1 to /home/kairo/.config/discord/0.0.31/modules/pending/discord_krisp-1.zip: 76%
2023-10-06T11:43:14.772Z [Modules] Streaming discord_krisp@1 to /home/kairo/.config/discord/0.0.31/modules/pending/discord_krisp-1.zip: 77%
2023-10-06T11:43:14.774Z [Modules] Streaming discord_krisp@1 to /home/kairo/.config/discord/0.0.31/modules/pending/discord_krisp-1.zip: 78%
2023-10-06T11:43:14.776Z [Modules] Streaming discord_krisp@1 to /home/kairo/.config/discord/0.0.31/modules/pending/discord_krisp-1.zip: 79%
2023-10-06T11:43:14.778Z [Modules] Streaming discord_krisp@1 to /home/kairo/.config/discord/0.0.31/modules/pending/discord_krisp-1.zip: 80%
2023-10-06T11:43:14.780Z [Modules] Streaming discord_krisp@1 to /home/kairo/.config/discord/0.0.31/modules/pending/discord_krisp-1.zip: 81%
2023-10-06T11:43:14.782Z [Modules] Streaming discord_krisp@1 to /home/kairo/.config/discord/0.0.31/modules/pending/discord_krisp-1.zip: 82%
2023-10-06T11:43:14.784Z [Modules] Streaming discord_krisp@1 to /home/kairo/.config/discord/0.0.31/modules/pending/discord_krisp-1.zip: 83%
2023-10-06T11:43:14.786Z [Modules] Streaming discord_krisp@1 to /home/kairo/.config/discord/0.0.31/modules/pending/discord_krisp-1.zip: 84%
2023-10-06T11:43:14.788Z [Modules] Streaming discord_krisp@1 to /home/kairo/.config/discord/0.0.31/modules/pending/discord_krisp-1.zip: 85%
2023-10-06T11:43:14.790Z [Modules] Streaming discord_krisp@1 to /home/kairo/.config/discord/0.0.31/modules/pending/discord_krisp-1.zip: 86%
2023-10-06T11:43:14.791Z [Modules] Streaming discord_krisp@1 to /home/kairo/.config/discord/0.0.31/modules/pending/discord_krisp-1.zip: 87%
2023-10-06T11:43:14.793Z [Modules] Streaming discord_krisp@1 to /home/kairo/.config/discord/0.0.31/modules/pending/discord_krisp-1.zip: 88%
2023-10-06T11:43:14.795Z [Modules] Streaming discord_krisp@1 to /home/kairo/.config/discord/0.0.31/modules/pending/discord_krisp-1.zip: 89%
2023-10-06T11:43:14.797Z [Modules] Streaming discord_krisp@1 to /home/kairo/.config/discord/0.0.31/modules/pending/discord_krisp-1.zip: 90%
2023-10-06T11:43:14.799Z [Modules] Streaming discord_krisp@1 to /home/kairo/.config/discord/0.0.31/modules/pending/discord_krisp-1.zip: 91%
2023-10-06T11:43:14.801Z [Modules] Streaming discord_krisp@1 to /home/kairo/.config/discord/0.0.31/modules/pending/discord_krisp-1.zip: 92%
2023-10-06T11:43:14.803Z [Modules] Streaming discord_krisp@1 to /home/kairo/.config/discord/0.0.31/modules/pending/discord_krisp-1.zip: 93%
2023-10-06T11:43:14.805Z [Modules] Streaming discord_krisp@1 to /home/kairo/.config/discord/0.0.31/modules/pending/discord_krisp-1.zip: 94%
2023-10-06T11:43:14.807Z [Modules] Streaming discord_krisp@1 to /home/kairo/.config/discord/0.0.31/modules/pending/discord_krisp-1.zip: 95%
2023-10-06T11:43:14.809Z [Modules] Streaming discord_krisp@1 to /home/kairo/.config/discord/0.0.31/modules/pending/discord_krisp-1.zip: 96%
2023-10-06T11:43:14.811Z [Modules] Streaming discord_krisp@1 to /home/kairo/.config/discord/0.0.31/modules/pending/discord_krisp-1.zip: 97%
2023-10-06T11:43:14.813Z [Modules] Streaming discord_krisp@1 to /home/kairo/.config/discord/0.0.31/modules/pending/discord_krisp-1.zip: 98%
2023-10-06T11:43:14.815Z [Modules] Streaming discord_krisp@1 to /home/kairo/.config/discord/0.0.31/modules/pending/discord_krisp-1.zip: 99%
2023-10-06T11:43:14.817Z [Modules] Streaming discord_krisp@1 to /home/kairo/.config/discord/0.0.31/modules/pending/discord_krisp-1.zip: 100%
2023-10-06T11:43:14.818Z [Modules] Fetching discord_game_utils@1 from https://discord.com/api/modules/stable/discord_game_utils/1
2023-10-06T11:43:14.818Z [Modules] Streaming discord_game_utils@1 to /home/kairo/.config/discord/0.0.31/modules/pending/discord_game_utils-1.zip
2023-10-06T11:43:14.818Z [Modules] Installing discord_krisp@1 from /home/kairo/.config/discord/0.0.31/modules/pending/discord_krisp-1.zip
2023-10-06T11:43:14.917Z [Modules] Streaming discord_game_utils@1 to /home/kairo/.config/discord/0.0.31/modules/pending/discord_game_utils-1.zip: 2%
2023-10-06T11:43:14.920Z [Modules] Streaming discord_game_utils@1 to /home/kairo/.config/discord/0.0.31/modules/pending/discord_game_utils-1.zip: 3%
2023-10-06T11:43:14.920Z [Modules] Streaming discord_game_utils@1 to /home/kairo/.config/discord/0.0.31/modules/pending/discord_game_utils-1.zip: 5%
2023-10-06T11:43:14.921Z [Modules] Streaming discord_game_utils@1 to /home/kairo/.config/discord/0.0.31/modules/pending/discord_game_utils-1.zip: 11%
2023-10-06T11:43:14.921Z [Modules] Streaming discord_game_utils@1 to /home/kairo/.config/discord/0.0.31/modules/pending/discord_game_utils-1.zip: 16%
2023-10-06T11:43:14.923Z [Modules] Streaming discord_game_utils@1 to /home/kairo/.config/discord/0.0.31/modules/pending/discord_game_utils-1.zip: 21%
2023-10-06T11:43:14.924Z [Modules] Streaming discord_game_utils@1 to /home/kairo/.config/discord/0.0.31/modules/pending/discord_game_utils-1.zip: 26%
2023-10-06T11:43:14.924Z [Modules] Streaming discord_game_utils@1 to /home/kairo/.config/discord/0.0.31/modules/pending/discord_game_utils-1.zip: 31%
2023-10-06T11:43:14.950Z [Modules] Streaming discord_game_utils@1 to /home/kairo/.config/discord/0.0.31/modules/pending/discord_game_utils-1.zip: 33%
2023-10-06T11:43:14.950Z [Modules] Streaming discord_game_utils@1 to /home/kairo/.config/discord/0.0.31/modules/pending/discord_game_utils-1.zip: 36%
2023-10-06T11:43:14.951Z [Modules] Streaming discord_game_utils@1 to /home/kairo/.config/discord/0.0.31/modules/pending/discord_game_utils-1.zip: 38%
2023-10-06T11:43:14.951Z [Modules] Streaming discord_game_utils@1 to /home/kairo/.config/discord/0.0.31/modules/pending/discord_game_utils-1.zip: 41%
2023-10-06T11:43:14.952Z [Modules] Streaming discord_game_utils@1 to /home/kairo/.config/discord/0.0.31/modules/pending/discord_game_utils-1.zip: 42%
2023-10-06T11:43:14.952Z [Modules] Streaming discord_game_utils@1 to /home/kairo/.config/discord/0.0.31/modules/pending/discord_game_utils-1.zip: 45%
2023-10-06T11:43:14.952Z [Modules] Streaming discord_game_utils@1 to /home/kairo/.config/discord/0.0.31/modules/pending/discord_game_utils-1.zip: 46%
2023-10-06T11:43:14.953Z [Modules] Streaming discord_game_utils@1 to /home/kairo/.config/discord/0.0.31/modules/pending/discord_game_utils-1.zip: 49%
2023-10-06T11:43:14.954Z [Modules] Streaming discord_game_utils@1 to /home/kairo/.config/discord/0.0.31/modules/pending/discord_game_utils-1.zip: 50%
2023-10-06T11:43:14.957Z [Modules] Streaming discord_game_utils@1 to /home/kairo/.config/discord/0.0.31/modules/pending/discord_game_utils-1.zip: 53%
2023-10-06T11:43:14.957Z [Modules] Streaming discord_game_utils@1 to /home/kairo/.config/discord/0.0.31/modules/pending/discord_game_utils-1.zip: 55%
2023-10-06T11:43:14.957Z [Modules] Streaming discord_game_utils@1 to /home/kairo/.config/discord/0.0.31/modules/pending/discord_game_utils-1.zip: 57%
2023-10-06T11:43:14.958Z [Modules] Streaming discord_game_utils@1 to /home/kairo/.config/discord/0.0.31/modules/pending/discord_game_utils-1.zip: 59%
2023-10-06T11:43:14.958Z [Modules] Streaming discord_game_utils@1 to /home/kairo/.config/discord/0.0.31/modules/pending/discord_game_utils-1.zip: 60%
2023-10-06T11:43:14.960Z [Modules] Streaming discord_game_utils@1 to /home/kairo/.config/discord/0.0.31/modules/pending/discord_game_utils-1.zip: 63%
2023-10-06T11:43:14.961Z [Modules] Streaming discord_game_utils@1 to /home/kairo/.config/discord/0.0.31/modules/pending/discord_game_utils-1.zip: 66%
2023-10-06T11:43:14.961Z [Modules] Streaming discord_game_utils@1 to /home/kairo/.config/discord/0.0.31/modules/pending/discord_game_utils-1.zip: 67%
2023-10-06T11:43:14.961Z [Modules] Streaming discord_game_utils@1 to /home/kairo/.config/discord/0.0.31/modules/pending/discord_game_utils-1.zip: 70%
2023-10-06T11:43:14.962Z [Modules] Streaming discord_game_utils@1 to /home/kairo/.config/discord/0.0.31/modules/pending/discord_game_utils-1.zip: 72%
2023-10-06T11:43:14.962Z [Modules] Streaming discord_game_utils@1 to /home/kairo/.config/discord/0.0.31/modules/pending/discord_game_utils-1.zip: 73%
2023-10-06T11:43:14.963Z [Modules] Streaming discord_game_utils@1 to /home/kairo/.config/discord/0.0.31/modules/pending/discord_game_utils-1.zip: 76%
2023-10-06T11:43:14.963Z [Modules] Streaming discord_game_utils@1 to /home/kairo/.config/discord/0.0.31/modules/pending/discord_game_utils-1.zip: 79%
2023-10-06T11:43:14.964Z [Modules] Streaming discord_game_utils@1 to /home/kairo/.config/discord/0.0.31/modules/pending/discord_game_utils-1.zip: 80%
2023-10-06T11:43:14.964Z [Modules] Streaming discord_game_utils@1 to /home/kairo/.config/discord/0.0.31/modules/pending/discord_game_utils-1.zip: 83%
2023-10-06T11:43:14.965Z [Modules] Streaming discord_game_utils@1 to /home/kairo/.config/discord/0.0.31/modules/pending/discord_game_utils-1.zip: 86%
2023-10-06T11:43:14.966Z [Modules] Streaming discord_game_utils@1 to /home/kairo/.config/discord/0.0.31/modules/pending/discord_game_utils-1.zip: 88%
2023-10-06T11:43:14.966Z [Modules] Streaming discord_game_utils@1 to /home/kairo/.config/discord/0.0.31/modules/pending/discord_game_utils-1.zip: 90%
2023-10-06T11:43:14.966Z [Modules] Streaming discord_game_utils@1 to /home/kairo/.config/discord/0.0.31/modules/pending/discord_game_utils-1.zip: 92%
2023-10-06T11:43:14.967Z [Modules] Streaming discord_game_utils@1 to /home/kairo/.config/discord/0.0.31/modules/pending/discord_game_utils-1.zip: 95%
2023-10-06T11:43:14.967Z [Modules] Streaming discord_game_utils@1 to /home/kairo/.config/discord/0.0.31/modules/pending/discord_game_utils-1.zip: 96%
2023-10-06T11:43:14.968Z [Modules] Streaming discord_game_utils@1 to /home/kairo/.config/discord/0.0.31/modules/pending/discord_game_utils-1.zip: 98%
2023-10-06T11:43:14.968Z [Modules] Streaming discord_game_utils@1 to /home/kairo/.config/discord/0.0.31/modules/pending/discord_game_utils-1.zip: 100%
2023-10-06T11:43:14.969Z [Modules] Finished module downloads. [success: 2] [failure: 0]
2023-10-06T11:43:15.112Z [Modules] Checking for host updates.
2023-10-06T11:43:15.159Z [Modules] Installing discord_game_utils@1 from /home/kairo/.config/discord/0.0.31/modules/pending/discord_game_utils-1.zip
2023-10-06T11:43:15.170Z [Modules] Host is up to date.
2023-10-06T11:43:15.170Z [Modules] Checking for module updates at https://discord.com/api/modules/stable/versions.json
2023-10-06T11:43:15.172Z [Modules] No module updates available.
2023-10-06T11:43:15.200Z [Modules] Finished module installations. [success: 2] [failure: 0]
2023-10-06T11:43:15.388Z [Modules] Starting to install discord_rpc...
2023-10-06T11:43:15.388Z [Modules] Fetching discord_rpc@1 from https://discord.com/api/modules/stable/discord_rpc/1
2023-10-06T11:43:15.388Z [Modules] Streaming discord_rpc@1 to /home/kairo/.config/discord/0.0.31/modules/pending/discord_rpc-1.zip
2023-10-06T11:43:15.468Z [Modules] Streaming discord_rpc@1 to /home/kairo/.config/discord/0.0.31/modules/pending/discord_rpc-1.zip: 100%
2023-10-06T11:43:15.468Z [Modules] Finished module downloads. [success: 1] [failure: 0]
2023-10-06T11:43:15.468Z [Modules] Installing discord_rpc@1 from /home/kairo/.config/discord/0.0.31/modules/pending/discord_rpc-1.zip
2023-10-06T11:43:15.478Z [Modules] Finished module installations. [success: 1] [failure: 0]
2023-10-07T16:47:27.115Z [Modules] Modules initializing
2023-10-07T16:47:27.115Z [Modules] Distribution: remote
2023-10-07T16:47:27.115Z [Modules] Host updates: enabled
2023-10-07T16:47:27.116Z [Modules] Module updates: enabled
2023-10-07T16:47:27.116Z [Modules] Module install path: /home/kairo/.config/discord/0.0.31/modules
2023-10-07T16:47:27.116Z [Modules] Module installed file path: /home/kairo/.config/discord/0.0.31/modules/installed.json
2023-10-07T16:47:27.116Z [Modules] Module download path: /home/kairo/.config/discord/0.0.31/modules/pending
2023-10-07T16:47:27.262Z [Modules] No updates to install
2023-10-07T16:47:27.262Z [Modules] Checking for host updates.
2023-10-07T16:47:27.411Z [Modules] Host is up to date.
2023-10-07T16:47:27.412Z [Modules] Checking for module updates at https://discord.com/api/modules/stable/versions.json
2023-10-07T16:47:27.437Z [Modules] No module updates available.
2023-10-07T16:47:29.497Z [Modules] Checking for host updates.
2023-10-07T16:47:29.580Z [Modules] Host is up to date.
2023-10-07T16:47:29.580Z [Modules] Checking for module updates at https://discord.com/api/modules/stable/versions.json
2023-10-07T16:47:29.582Z [Modules] No module updates available.
2023-10-07T20:41:43.780Z [Modules] Modules initializing
2023-10-07T20:41:43.780Z [Modules] Distribution: remote
2023-10-07T20:41:43.780Z [Modules] Host updates: enabled
2023-10-07T20:41:43.780Z [Modules] Module updates: enabled
2023-10-07T20:41:43.780Z [Modules] Module install path: /home/kairo/.config/discord/0.0.31/modules
2023-10-07T20:41:43.780Z [Modules] Module installed file path: /home/kairo/.config/discord/0.0.31/modules/installed.json
2023-10-07T20:41:43.781Z [Modules] Module download path: /home/kairo/.config/discord/0.0.31/modules/pending
2023-10-07T20:41:43.927Z [Modules] No updates to install
2023-10-07T20:41:43.928Z [Modules] Checking for host updates.
2023-10-07T20:41:44.035Z [Modules] Host is up to date.
2023-10-07T20:41:44.036Z [Modules] Checking for module updates at https://discord.com/api/modules/stable/versions.json
2023-10-07T20:41:44.058Z [Modules] No module updates available.
2023-10-07T20:41:51.771Z [Modules] Modules initializing
2023-10-07T20:41:51.771Z [Modules] Distribution: remote
2023-10-07T20:41:51.771Z [Modules] Host updates: enabled
2023-10-07T20:41:51.771Z [Modules] Module updates: enabled
2023-10-07T20:41:51.771Z [Modules] Module install path: /home/kairo/.config/discord/0.0.31/modules
2023-10-07T20:41:51.772Z [Modules] Module installed file path: /home/kairo/.config/discord/0.0.31/modules/installed.json
2023-10-07T20:41:51.772Z [Modules] Module download path: /home/kairo/.config/discord/0.0.31/modules/pending
2023-10-07T20:41:51.879Z [Modules] No updates to install
2023-10-07T20:41:51.880Z [Modules] Checking for host updates.
2023-10-07T20:41:51.983Z [Modules] Host is up to date.
2023-10-07T20:41:51.984Z [Modules] Checking for module updates at https://discord.com/api/modules/stable/versions.json
2023-10-07T20:41:51.986Z [Modules] No module updates available.
2023-10-07T20:41:56.388Z [Modules] Modules initializing
2023-10-07T20:41:56.388Z [Modules] Distribution: remote
2023-10-07T20:41:56.389Z [Modules] Host updates: enabled
2023-10-07T20:41:56.389Z [Modules] Module updates: enabled
2023-10-07T20:41:56.389Z [Modules] Module install path: /home/kairo/.config/discord/0.0.31/modules
2023-10-07T20:41:56.389Z [Modules] Module installed file path: /home/kairo/.config/discord/0.0.31/modules/installed.json
2023-10-07T20:41:56.389Z [Modules] Module download path: /home/kairo/.config/discord/0.0.31/modules/pending
2023-10-07T20:41:56.497Z [Modules] No updates to install
2023-10-07T20:41:56.498Z [Modules] Checking for host updates.
2023-10-07T20:41:56.621Z [Modules] Host is up to date.
2023-10-07T20:41:56.621Z [Modules] Checking for module updates at https://discord.com/api/modules/stable/versions.json
2023-10-07T20:41:56.624Z [Modules] No module updates available.
2023-10-07T20:42:01.091Z [Modules] Modules initializing
2023-10-07T20:42:01.091Z [Modules] Distribution: remote
2023-10-07T20:42:01.091Z [Modules] Host updates: enabled
2023-10-07T20:42:01.091Z [Modules] Module updates: enabled
2023-10-07T20:42:01.092Z [Modules] Module install path: /home/kairo/.config/discord/0.0.31/modules
2023-10-07T20:42:01.092Z [Modules] Module installed file path: /home/kairo/.config/discord/0.0.31/modules/installed.json
2023-10-07T20:42:01.092Z [Modules] Module download path: /home/kairo/.config/discord/0.0.31/modules/pending
2023-10-07T20:42:01.199Z [Modules] No updates to install
2023-10-07T20:42:01.199Z [Modules] Checking for host updates.
2023-10-07T20:42:01.311Z [Modules] Host is up to date.
2023-10-07T20:42:01.311Z [Modules] Checking for module updates at https://discord.com/api/modules/stable/versions.json
2023-10-07T20:42:01.313Z [Modules] No module updates available.
2023-10-07T20:49:12.870Z [Modules] Modules initializing
2023-10-07T20:49:12.870Z [Modules] Distribution: remote
2023-10-07T20:49:12.870Z [Modules] Host updates: enabled
2023-10-07T20:49:12.870Z [Modules] Module updates: enabled
2023-10-07T20:49:12.870Z [Modules] Module install path: /home/kairo/.config/discord/0.0.31/modules
2023-10-07T20:49:12.870Z [Modules] Module installed file path: /home/kairo/.config/discord/0.0.31/modules/installed.json
2023-10-07T20:49:12.871Z [Modules] Module download path: /home/kairo/.config/discord/0.0.31/modules/pending
2023-10-07T20:49:13.016Z [Modules] No updates to install
2023-10-07T20:49:13.017Z [Modules] Checking for host updates.
2023-10-07T20:49:13.175Z [Modules] Host is up to date.
2023-10-07T20:49:13.175Z [Modules] Checking for module updates at https://discord.com/api/modules/stable/versions.json
2023-10-07T20:49:13.200Z [Modules] No module updates available.
2023-10-07T20:50:21.217Z [Modules] Modules initializing
2023-10-07T20:50:21.217Z [Modules] Distribution: remote
2023-10-07T20:50:21.217Z [Modules] Host updates: enabled
2023-10-07T20:50:21.217Z [Modules] Module updates: enabled
2023-10-07T20:50:21.217Z [Modules] Module install path: /home/kairo/.config/discord/0.0.31/modules
2023-10-07T20:50:21.217Z [Modules] Module installed file path: /home/kairo/.config/discord/0.0.31/modules/installed.json
2023-10-07T20:50:21.217Z [Modules] Module download path: /home/kairo/.config/discord/0.0.31/modules/pending
2023-10-07T20:50:21.339Z [Modules] No updates to install
2023-10-07T20:50:21.339Z [Modules] Checking for host updates.
2023-10-07T20:50:21.435Z [Modules] Host is up to date.
2023-10-07T20:50:21.435Z [Modules] Checking for module updates at https://discord.com/api/modules/stable/versions.json
2023-10-07T20:50:21.448Z [Modules] No module updates available.
2023-10-07T20:50:36.159Z [Modules] Modules initializing
2023-10-07T20:50:36.159Z [Modules] Distribution: remote
2023-10-07T20:50:36.159Z [Modules] Host updates: enabled
2023-10-07T20:50:36.159Z [Modules] Module updates: enabled
2023-10-07T20:50:36.159Z [Modules] Module install path: /home/kairo/.config/discord/0.0.31/modules
2023-10-07T20:50:36.159Z [Modules] Module installed file path: /home/kairo/.config/discord/0.0.31/modules/installed.json
2023-10-07T20:50:36.159Z [Modules] Module download path: /home/kairo/.config/discord/0.0.31/modules/pending
2023-10-07T20:50:36.267Z [Modules] No updates to install
2023-10-07T20:50:36.267Z [Modules] Checking for host updates.
2023-10-07T20:50:36.365Z [Modules] Host is up to date.
2023-10-07T20:50:36.365Z [Modules] Checking for module updates at https://discord.com/api/modules/stable/versions.json
2023-10-07T20:50:36.367Z [Modules] No module updates available.
